<?xml version="1.0" encoding="UTF-8" ?>
<testsuite errors="0" failures="2" hostname="pop-os" name="ldv9_JUnit.JUnitTest" skipped="0" tests="2" time="0.127" timestamp="2022-11-28T20:22:30">
  <properties>
[...]
</properties>
  <testcase classname="ldv9_JUnit.JUnitTest" name="test1FXML" time="0.009">
    <failure type="junit.framework.AssertionFailedError">junit.framework.AssertionFailedError
	at ldv9_JUnit.JUnitTest.test1FXML(JUnitTest.java:12)
	at java.base/jdk.internal.reflect.NativeMethodAccessorImpl.invoke0(Native Method)
	at java.base/jdk.internal.reflect.NativeMethodAccessorImpl.invoke(NativeMethodAccessorImpl.java:62)
	at java.base/jdk.internal.reflect.DelegatingMethodAccessorImpl.invoke(DelegatingMethodAccessorImpl.java:43)
</failure>
  </testcase>
  <testcase classname="ldv9_JUnit.JUnitTest" name="test2FXML" time="0.002">
    <failure message="Нет ошибки при делении на 0" type="junit.framework.AssertionFailedError">junit.framework.AssertionFailedError: Нет ошибки при делении на 0
	at ldv9_JUnit.JUnitTest.test2FXML(JUnitTest.java:21)
	at java.base/jdk.internal.reflect.NativeMethodAccessorImpl.invoke0(Native Method)
	at java.base/jdk.internal.reflect.NativeMethodAccessorImpl.invoke(NativeMethodAccessorImpl.java:62)
	at java.base/jdk.internal.reflect.DelegatingMethodAccessorImpl.invoke(DelegatingMethodAccessorImpl.java:43)
</failure>
  </testcase>
  <system-out><![CDATA[]]></system-out>
  <system-err><![CDATA[]]></system-err>
</testsuite>
